INFO: 2025-07-20 12:38:18,070: main() 'Using profile folder /home/dwilliams/.config/variety/'
INFO: 2025-07-20 12:38:18,073: perform_upgrade() 'Last run version was 0.8.13 or earlier, current version is 0.8.13'
INFO: 2025-07-20 12:38:18,114: process_command() 'Received command: []'
INFO: 2025-07-20 12:38:18,116: start() 'Using data_path /nix/store/3hha5rsg3j1g17ipk88zyrdzgl8cvg27-variety-0.8.13/share/variety'
INFO: 2025-07-20 12:38:18,116: load() 'Jumble loading'
INFO: 2025-07-20 12:38:18,116: _walk_modules() 'Jumble loading module in __init__ from /nix/store/3hha5rsg3j1g17ipk88zyrdzgl8cvg27-variety-0.8.13/lib/python3.13/site-packages/variety/plugins/builtin/__init__.py'
INFO: 2025-07-20 12:38:18,117: _walk_modules() 'Jumble loading module in GnomeDisplayModesPlugin from /nix/store/3hha5rsg3j1g17ipk88zyrdzgl8cvg27-variety-0.8.13/lib/python3.13/site-packages/variety/plugins/builtin/display_modes/GnomeDisplayModesPlugin.py'
INFO: 2025-07-20 12:38:18,117: load() 'Jumble found plugin class: <class 'GnomeDisplayModesPlugin.GnomeDisplayModesPlugin'>: {'name': 'GnomeDisplayModesPlugin', 'description': 'Display modes relying on the underlying desktop environment', 'version': '1.0', 'author': 'Peter Levi'}'
INFO: 2025-07-20 12:38:18,117: _walk_modules() 'Jumble loading module in __init__ from /nix/store/3hha5rsg3j1g17ipk88zyrdzgl8cvg27-variety-0.8.13/lib/python3.13/site-packages/variety/plugins/builtin/display_modes/__init__.py'
INFO: 2025-07-20 12:38:18,117: _walk_modules() 'Jumble loading module in LegacyDisplayModesPlugin from /nix/store/3hha5rsg3j1g17ipk88zyrdzgl8cvg27-variety-0.8.13/lib/python3.13/site-packages/variety/plugins/builtin/display_modes/LegacyDisplayModesPlugin.py'
INFO: 2025-07-20 12:38:18,117: load() 'Jumble found plugin class: <class 'LegacyDisplayModesPlugin.LegacyDisplayModesPlugin'>: {'name': 'LegacyDisplayModesPlugin', 'description': 'Legacy display mode for compatibility with past Variety versions', 'version': '1.0', 'author': 'Peter Levi'}'
INFO: 2025-07-20 12:38:18,117: _walk_modules() 'Jumble loading module in ResizingDisplayModesPlugin from /nix/store/3hha5rsg3j1g17ipk88zyrdzgl8cvg27-variety-0.8.13/lib/python3.13/site-packages/variety/plugins/builtin/display_modes/ResizingDisplayModesPlugin.py'
INFO: 2025-07-20 12:38:18,118: load() 'Jumble found plugin class: <class 'ResizingDisplayModesPlugin.ResizingDisplayModesPlugin'>: {'name': 'ResizingDisplayModesPlugin', 'description': 'Display modes that use image resizing within Variety', 'version': '1.0', 'author': 'Peter Levi'}'
INFO: 2025-07-20 12:38:18,118: _walk_modules() 'Jumble loading module in UrbanDictionarySource from /nix/store/3hha5rsg3j1g17ipk88zyrdzgl8cvg27-variety-0.8.13/lib/python3.13/site-packages/variety/plugins/builtin/quotes/UrbanDictionarySource.py'
INFO: 2025-07-20 12:38:18,119: load() 'Jumble found plugin class: <class 'UrbanDictionarySource.UrbanDictionarySource'>: {'name': 'Urban Dictionary', 'description': 'Displays definitions from Urban Dictionary', 'author': 'James Miller', 'version': '0.1'}'
INFO: 2025-07-20 12:38:18,119: _walk_modules() 'Jumble loading module in QuotationsPageSource from /nix/store/3hha5rsg3j1g17ipk88zyrdzgl8cvg27-variety-0.8.13/lib/python3.13/site-packages/variety/plugins/builtin/quotes/QuotationsPageSource.py'
INFO: 2025-07-20 12:38:18,144: load() 'Jumble found plugin class: <class 'QuotationsPageSource.QuotationsPageSource'>: {'name': 'TheQuotationsPage.com', 'description': 'Fetches quotes from TheQuotationsPage.com', 'author': 'Peter Levi', 'version': '0.1'}'
INFO: 2025-07-20 12:38:18,144: _walk_modules() 'Jumble loading module in __init__ from /nix/store/3hha5rsg3j1g17ipk88zyrdzgl8cvg27-variety-0.8.13/lib/python3.13/site-packages/variety/plugins/builtin/quotes/__init__.py'
INFO: 2025-07-20 12:38:18,144: _walk_modules() 'Jumble loading module in FortuneSource from /nix/store/3hha5rsg3j1g17ipk88zyrdzgl8cvg27-variety-0.8.13/lib/python3.13/site-packages/variety/plugins/builtin/quotes/FortuneSource.py'
INFO: 2025-07-20 12:38:18,145: load() 'Jumble found plugin class: <class 'FortuneSource.FortuneSource'>: {'name': 'UNIX fortune program', 'description': 'Displays quotes using the UNIX fortune program. You may want to install additional fortune packs, e.g. fortunes-bofh-excuses.', 'author': 'Dan Jones', 'version': '0.1'}'
INFO: 2025-07-20 12:38:18,145: _walk_modules() 'Jumble loading module in GoodreadsSource from /nix/store/3hha5rsg3j1g17ipk88zyrdzgl8cvg27-variety-0.8.13/lib/python3.13/site-packages/variety/plugins/builtin/quotes/GoodreadsSource.py'
INFO: 2025-07-20 12:38:18,146: load() 'Jumble found plugin class: <class 'GoodreadsSource.GoodreadsSource'>: {'name': 'Goodreads', 'description': 'Fetches quotes from Goodreads.com', 'author': 'Peter Levi', 'version': '0.1'}'
INFO: 2025-07-20 12:38:18,146: _walk_modules() 'Jumble loading module in LocalFilesSource from /nix/store/3hha5rsg3j1g17ipk88zyrdzgl8cvg27-variety-0.8.13/lib/python3.13/site-packages/variety/plugins/builtin/quotes/LocalFilesSource.py'
INFO: 2025-07-20 12:38:18,146: load() 'Jumble found plugin class: <class 'LocalFilesSource.LocalFilesSource'>: {'name': 'Local text files', 'description': 'Displays quotes, defined in local text files.\nPut your own txt files in: ~/.config/variety/pluginconfig/quotes/.\nThe file format is:\n\nquote -- author\n.\nsecond quote -- another author\n.\netc...\n\nExample: http://rvelthuis.de/zips/quotes.txt', 'author': 'Peter Levi', 'version': '0.1'}'
INFO: 2025-07-20 12:38:18,146: _walk_modules() 'Jumble loading module in BingDownloader from /nix/store/3hha5rsg3j1g17ipk88zyrdzgl8cvg27-variety-0.8.13/lib/python3.13/site-packages/variety/plugins/builtin/downloaders/BingDownloader.py'
INFO: 2025-07-20 12:38:18,147: load() 'Jumble found plugin class: <class 'BingDownloader.BingDownloader'>: {'name': 'BingDownloader', 'description': 'Bing Photo of the Day', 'author': 'Peter Levi', 'version': '0.1'}'
INFO: 2025-07-20 12:38:18,147: _walk_modules() 'Jumble loading module in EarthviewDownloader from /nix/store/3hha5rsg3j1g17ipk88zyrdzgl8cvg27-variety-0.8.13/lib/python3.13/site-packages/variety/plugins/builtin/downloaders/EarthviewDownloader.py'
INFO: 2025-07-20 12:38:18,147: load() 'Jumble found plugin class: <class 'EarthviewDownloader.EarthviewDownloader'>: {'name': 'EarthviewDownloader', 'description': 'Google Earth View Wallpapers', 'author': 'Peter Levi', 'version': '0.1'}'
INFO: 2025-07-20 12:38:18,147: _walk_modules() 'Jumble loading module in ArtStationSource from /nix/store/3hha5rsg3j1g17ipk88zyrdzgl8cvg27-variety-0.8.13/lib/python3.13/site-packages/variety/plugins/builtin/downloaders/ArtStationSource.py'
INFO: 2025-07-20 12:38:18,148: load() 'Jumble found plugin class: <class 'ArtStationSource.ArtStationSource'>: {'name': 'ArtStationSource', 'description': 'Configurable source for fetching images from ArtStation', 'author': 'Denis Gordeev', 'version': '0.1'}'
INFO: 2025-07-20 12:38:18,149: _walk_modules() 'Jumble loading module in RedditDownloader from /nix/store/3hha5rsg3j1g17ipk88zyrdzgl8cvg27-variety-0.8.13/lib/python3.13/site-packages/variety/plugins/builtin/downloaders/RedditDownloader.py'
INFO: 2025-07-20 12:38:18,149: _walk_modules() 'Jumble loading module in UnsplashConfigurableSource from /nix/store/3hha5rsg3j1g17ipk88zyrdzgl8cvg27-variety-0.8.13/lib/python3.13/site-packages/variety/plugins/builtin/downloaders/UnsplashConfigurableSource.py'
INFO: 2025-07-20 12:38:18,150: load() 'Jumble found plugin class: <class 'UnsplashConfigurableSource.UnsplashConfigurableSource'>: {'name': 'UnsplashConfigurableSource', 'description': 'Configurable source for fetching photos from Unsplash.com', 'author': 'Peter Levi', 'version': '0.1'}'
INFO: 2025-07-20 12:38:18,150: _walk_modules() 'Jumble loading module in MediaRSSDownloader from /nix/store/3hha5rsg3j1g17ipk88zyrdzgl8cvg27-variety-0.8.13/lib/python3.13/site-packages/variety/plugins/builtin/downloaders/MediaRSSDownloader.py'
INFO: 2025-07-20 12:38:18,151: _walk_modules() 'Jumble loading module in RedditSource from /nix/store/3hha5rsg3j1g17ipk88zyrdzgl8cvg27-variety-0.8.13/lib/python3.13/site-packages/variety/plugins/builtin/downloaders/RedditSource.py'
INFO: 2025-07-20 12:38:18,152: load() 'Jumble found plugin class: <class 'RedditSource.RedditSource'>: {'name': 'RedditSource', 'description': 'Configurable source for fetching images from Reddit', 'author': 'Peter Levi', 'version': '0.1'}'
INFO: 2025-07-20 12:38:18,152: _walk_modules() 'Jumble loading module in WallhavenSource from /nix/store/3hha5rsg3j1g17ipk88zyrdzgl8cvg27-variety-0.8.13/lib/python3.13/site-packages/variety/plugins/builtin/downloaders/WallhavenSource.py'
INFO: 2025-07-20 12:38:18,154: load() 'Jumble found plugin class: <class 'WallhavenSource.WallhavenSource'>: {'name': 'WallhavenSource', 'description': 'Configurable source for fetching images from Wallhaven.cc', 'author': 'Peter Levi', 'version': '0.1'}'
INFO: 2025-07-20 12:38:18,154: _walk_modules() 'Jumble loading module in __init__ from /nix/store/3hha5rsg3j1g17ipk88zyrdzgl8cvg27-variety-0.8.13/lib/python3.13/site-packages/variety/plugins/builtin/downloaders/__init__.py'
INFO: 2025-07-20 12:38:18,154: _walk_modules() 'Jumble loading module in WallhavenLegacyDownloader from /nix/store/3hha5rsg3j1g17ipk88zyrdzgl8cvg27-variety-0.8.13/lib/python3.13/site-packages/variety/plugins/builtin/downloaders/WallhavenLegacyDownloader.py'
INFO: 2025-07-20 12:38:18,154: _walk_modules() 'Jumble loading module in WallhavenDownloader from /nix/store/3hha5rsg3j1g17ipk88zyrdzgl8cvg27-variety-0.8.13/lib/python3.13/site-packages/variety/plugins/builtin/downloaders/WallhavenDownloader.py'
INFO: 2025-07-20 12:38:18,154: _walk_modules() 'Jumble loading module in NationalGeographicDownloader from /nix/store/3hha5rsg3j1g17ipk88zyrdzgl8cvg27-variety-0.8.13/lib/python3.13/site-packages/variety/plugins/builtin/downloaders/NationalGeographicDownloader.py'
INFO: 2025-07-20 12:38:18,154: load() 'Jumble found plugin class: <class 'NationalGeographicDownloader.NationalGeographicDownloader'>: {'name': 'NationalGeographicDownloader', 'description': "National Geographic's photo of the day", 'author': 'Eric Rösch', 'version': '0.1'}'
INFO: 2025-07-20 12:38:18,154: _walk_modules() 'Jumble loading module in APODDownloader from /nix/store/3hha5rsg3j1g17ipk88zyrdzgl8cvg27-variety-0.8.13/lib/python3.13/site-packages/variety/plugins/builtin/downloaders/APODDownloader.py'
INFO: 2025-07-20 12:38:18,155: load() 'Jumble found plugin class: <class 'APODDownloader.APODDownloader'>: {'name': 'APODDownloader', 'description': 'NASA Astro Pic of the Day', 'author': 'Peter Levi', 'version': '0.1'}'
INFO: 2025-07-20 12:38:18,155: _walk_modules() 'Jumble loading module in UnsplashDownloader from /nix/store/3hha5rsg3j1g17ipk88zyrdzgl8cvg27-variety-0.8.13/lib/python3.13/site-packages/variety/plugins/builtin/downloaders/UnsplashDownloader.py'
INFO: 2025-07-20 12:38:18,155: load() 'Jumble found plugin class: <class 'UnsplashDownloader.UnsplashDownloader'>: {'name': 'UnsplashDownloader', 'description': 'High-resolution photos from Unsplash.com', 'author': 'Peter Levi', 'version': '0.1'}'
INFO: 2025-07-20 12:38:18,155: _walk_modules() 'Jumble loading module in ArtStationDownloader from /nix/store/3hha5rsg3j1g17ipk88zyrdzgl8cvg27-variety-0.8.13/lib/python3.13/site-packages/variety/plugins/builtin/downloaders/ArtStationDownloader.py'
INFO: 2025-07-20 12:38:18,155: _walk_modules() 'Jumble loading module in MediaRSSSource from /nix/store/3hha5rsg3j1g17ipk88zyrdzgl8cvg27-variety-0.8.13/lib/python3.13/site-packages/variety/plugins/builtin/downloaders/MediaRSSSource.py'
INFO: 2025-07-20 12:38:18,156: load() 'Jumble found plugin class: <class 'MediaRSSSource.MediaRSSSource'>: {'name': 'MediaRSSSource', 'description': 'Configurable source for fetching images from MediaRSS feeds', 'author': 'Peter Levi', 'version': '0.1'}'
INFO: 2025-07-20 12:38:18,166: log_options() 'Loaded options:'
INFO: 2025-07-20 12:38:18,166: log_options() 'change_enabled = True'
INFO: 2025-07-20 12:38:18,167: log_options() 'change_interval = 18000'
INFO: 2025-07-20 12:38:18,167: log_options() 'change_on_start = False'
INFO: 2025-07-20 12:38:18,167: log_options() 'clipboard_enabled = False'
INFO: 2025-07-20 12:38:18,167: log_options() 'clipboard_hosts = ['wallhaven.cc', 'wallpapers.net', 'flickr.com', 'imgur.com', 'deviantart.com', 'interfacelift.com', 'vladstudio.com', 'imageshack.us', 'deviantart.net', 'imageshack.com']'
INFO: 2025-07-20 12:38:18,167: log_options() 'clipboard_use_whitelist = True'
INFO: 2025-07-20 12:38:18,167: log_options() 'clock_date_font = Serif 20'
INFO: 2025-07-20 12:38:18,167: log_options() 'clock_enabled = True'
INFO: 2025-07-20 12:38:18,167: log_options() 'clock_filter = -density 100 -font `fc-match -f '%{file[0]}' '%CLOCK_FONT_NAME'` -pointsize %CLOCK_FONT_SIZE -gravity SouthEast -fill '#00000044' -annotate 0x0+[%HOFFSET+58]+[%VOFFSET+108] '%H:%M' -fill white -annotate 0x0+[%HOFFSET+60]+[%VOFFSET+110] '%H:%M' -font `fc-match -f '%{file[0]}' '%DATE_FONT_NAME'` -pointsize %DATE_FONT_SIZE -fill '#00000044' -annotate 0x0+[%HOFFSET+58]+[%VOFFSET+58] '%A, %B %d' -fill white -annotate 0x0+[%HOFFSET+60]+[%VOFFSET+60] '%A, %B %d''
INFO: 2025-07-20 12:38:18,167: log_options() 'clock_font = Serif 60'
INFO: 2025-07-20 12:38:18,167: log_options() 'configfile = /home/dwilliams/.config/variety/variety.conf'
INFO: 2025-07-20 12:38:18,167: log_options() 'copyto_enabled = False'
INFO: 2025-07-20 12:38:18,167: log_options() 'copyto_folder = Default'
INFO: 2025-07-20 12:38:18,167: log_options() 'desired_color = [160, 160, 160]'
INFO: 2025-07-20 12:38:18,167: log_options() 'desired_color_enabled = False'
INFO: 2025-07-20 12:38:18,167: log_options() 'download_folder = /home/dwilliams/.config/variety/Downloaded'
INFO: 2025-07-20 12:38:18,167: log_options() 'download_preference_ratio = 0.9'
INFO: 2025-07-20 12:38:18,167: log_options() 'favorites_folder = /home/dwilliams/.config/variety/Favorites'
INFO: 2025-07-20 12:38:18,167: log_options() 'favorites_operations = [['Downloaded', 'Copy'], ['Fetched', 'Move'], ['Others', 'Copy']]'
INFO: 2025-07-20 12:38:18,167: log_options() 'fetched_folder = /home/dwilliams/.config/variety/Fetched'
INFO: 2025-07-20 12:38:18,167: log_options() 'filters = [[False, 'Keep original', ''], [False, 'Grayscale', '-type Grayscale'], [False, 'Heavy blur', '-scale 20% -blur 0x10 -resize 500%'], [False, 'Soft blur', '-scale 20% -blur 0x2 -resize 500%'], [False, 'Oil painting', '-paint 8'], [False, 'Pointilism', '-spread 10 -noise 3'], [False, 'Pixellate', '-scale 3% -scale 3333%']]'
INFO: 2025-07-20 12:38:18,167: log_options() 'get_wallpaper_script = /home/dwilliams/.config/variety/scripts/get_wallpaper'
INFO: 2025-07-20 12:38:18,167: log_options() 'icon = Light'
INFO: 2025-07-20 12:38:18,167: log_options() 'internet_enabled = True'
INFO: 2025-07-20 12:38:18,167: log_options() 'lightness_enabled = False'
INFO: 2025-07-20 12:38:18,167: log_options() 'lightness_mode = 0'
INFO: 2025-07-20 12:38:18,167: log_options() 'min_rating = 4'
INFO: 2025-07-20 12:38:18,167: log_options() 'min_rating_enabled = False'
INFO: 2025-07-20 12:38:18,167: log_options() 'min_size = 80'
INFO: 2025-07-20 12:38:18,167: log_options() 'min_size_enabled = False'
INFO: 2025-07-20 12:38:18,167: log_options() 'name_regex = .*'
INFO: 2025-07-20 12:38:18,167: log_options() 'name_regex_enabled = False'
INFO: 2025-07-20 12:38:18,167: log_options() 'quota_enabled = True'
INFO: 2025-07-20 12:38:18,167: log_options() 'quota_size = 1000'
INFO: 2025-07-20 12:38:18,167: log_options() 'quotes_authors = '
INFO: 2025-07-20 12:38:18,167: log_options() 'quotes_bg_color = [80, 80, 80]'
INFO: 2025-07-20 12:38:18,167: log_options() 'quotes_bg_opacity = 7'
INFO: 2025-07-20 12:38:18,167: log_options() 'quotes_change_enabled = True'
INFO: 2025-07-20 12:38:18,167: log_options() 'quotes_change_interval = 3300'
INFO: 2025-07-20 12:38:18,167: log_options() 'quotes_disabled_sources = ['Urban Dictionary']'
INFO: 2025-07-20 12:38:18,167: log_options() 'quotes_enabled = True'
INFO: 2025-07-20 12:38:18,167: log_options() 'quotes_favorites_file = /home/dwilliams/.config/variety/favorite_quotes.txt'
INFO: 2025-07-20 12:38:18,167: log_options() 'quotes_font = Serif 18'
INFO: 2025-07-20 12:38:18,167: log_options() 'quotes_hpos = 0'
INFO: 2025-07-20 12:38:18,167: log_options() 'quotes_max_length = 250'
INFO: 2025-07-20 12:38:18,167: log_options() 'quotes_tags = '
INFO: 2025-07-20 12:38:18,167: log_options() 'quotes_text_color = [255, 255, 255]'
INFO: 2025-07-20 12:38:18,167: log_options() 'quotes_text_shadow = False'
INFO: 2025-07-20 12:38:18,167: log_options() 'quotes_vpos = 100'
INFO: 2025-07-20 12:38:18,167: log_options() 'quotes_width = 27'
INFO: 2025-07-20 12:38:18,167: log_options() 'safe_mode = False'
INFO: 2025-07-20 12:38:18,167: log_options() 'set_wallpaper_script = /home/dwilliams/.config/variety/scripts/set_wallpaper'
INFO: 2025-07-20 12:38:18,167: log_options() 'slideshow_custom_enabled = False'
INFO: 2025-07-20 12:38:18,167: log_options() 'slideshow_custom_folder = /home/dwilliams/Pictures'
INFO: 2025-07-20 12:38:18,167: log_options() 'slideshow_downloads_enabled = False'
INFO: 2025-07-20 12:38:18,167: log_options() 'slideshow_fade = 0.4'
INFO: 2025-07-20 12:38:18,167: log_options() 'slideshow_favorites_enabled = True'
INFO: 2025-07-20 12:38:18,167: log_options() 'slideshow_mode = Fullscreen'
INFO: 2025-07-20 12:38:18,167: log_options() 'slideshow_monitor = All'
INFO: 2025-07-20 12:38:18,167: log_options() 'slideshow_pan = 0.05'
INFO: 2025-07-20 12:38:18,167: log_options() 'slideshow_seconds = 6.0'
INFO: 2025-07-20 12:38:18,167: log_options() 'slideshow_sort_order = Random'
INFO: 2025-07-20 12:38:18,167: log_options() 'slideshow_sources_enabled = True'
INFO: 2025-07-20 12:38:18,167: log_options() 'slideshow_zoom = 0.2'
INFO: 2025-07-20 12:38:18,167: log_options() 'smart_enabled = False'
INFO: 2025-07-20 12:38:18,167: log_options() 'smart_notice_shown = False'
INFO: 2025-07-20 12:38:18,167: log_options() 'smart_register_shown = False'
INFO: 2025-07-20 12:38:18,167: log_options() 'sources = [[True, 'favorites', 'The Favorites folder'], [False, 'fetched', 'The Fetched folder'], [False, 'folder', '/usr/share/backgrounds'], [False, 'flickr', 'user:www.flickr.com/photos/peter-levi/;user_id:93647178@N00;'], [False, 'apod', "NASA's Astronomy Picture of the Day"], [False, 'bing', 'Bing Photo of the Day'], [False, 'earthview', 'Google Earth View Wallpapers'], [False, 'natgeo', "National Geographic's photo of the day"], [False, 'unsplash', 'High-resolution photos from Unsplash.com'], [True, 'folder', '/home/dwilliams/Pictures/Wallpapers']]'
INFO: 2025-07-20 12:38:18,167: log_options() 'stats_enabled = True'
INFO: 2025-07-20 12:38:18,167: log_options() 'stats_notice_shown = False'
INFO: 2025-07-20 12:38:18,167: log_options() 'sync_enabled = True'
INFO: 2025-07-20 12:38:18,167: log_options() 'use_landscape_enabled = True'
INFO: 2025-07-20 12:38:18,167: log_options() 'wallhaven_api_key = '
INFO: 2025-07-20 12:38:18,167: log_options() 'wallpaper_auto_rotate = False'
INFO: 2025-07-20 12:38:18,168: log_options() 'wallpaper_display_mode = os'
INFO: 2025-07-20 12:38:18,168: reload_config() 'No need to clear prepared queue'
INFO: 2025-07-20 12:38:18,168: clock_thread_method() 'clock thread running'
INFO: 2025-07-20 12:38:18,168: start() 'Starting QuotesEngine'
INFO: 2025-07-20 12:38:18,168: prepare_thread() 'Quotes prepare thread running'
INFO: 2025-07-20 12:38:18,169: prepare_thread() 'Quotes prepared buffer contains 0 quotes, fetching a quote'
INFO: 2025-07-20 12:38:18,169: regular_change_thread() 'Quotes regular change thread running'
WARNING: 2025-07-20 12:38:18,169: get_one_quote() 'No quotes for '' for plugin Local text files'
INFO: 2025-07-20 12:38:18,169: on_options_updated() 'Quotes: clearing prepared and updating plugins'
INFO: 2025-07-20 12:38:18,169: update_indicator() 'Setting file info to: /nix/store/6bs42dj18xx3fmyzzqdi4lf5qd0g9xss-Anime-Purple-eyes.png'
INFO: 2025-07-20 12:38:18,170: load_banned() 'Missing or invalid banned URLs list, no URLs will be banned'
INFO: 2025-07-20 12:38:18,170: load_last_change_time() 'Change interval < 6 hours, ignore persisted last_change_time, wait initially the whole interval: 18000'
INFO: 2025-07-20 12:38:18,170: update_indicator() 'Setting file info to: /nix/store/6bs42dj18xx3fmyzzqdi4lf5qd0g9xss-Anime-Purple-eyes.png'
INFO: 2025-07-20 12:38:18,170: regular_change_thread() 'regular_change thread running'
INFO: 2025-07-20 12:38:18,170: prepare_thread() 'Prepare thread running'
INFO: 2025-07-20 12:38:18,170: prepare_thread() 'Prepared buffer contains 0 images'
INFO: 2025-07-20 12:38:18,171: prepare_thread() 'Preparing some images'
INFO: 2025-07-20 12:38:18,171: update_indicator_icon() 'Creating indicator'
INFO: 2025-07-20 12:38:18,195: do_set_wp() 'Calling do_set_wp with /nix/store/6bs42dj18xx3fmyzzqdi4lf5qd0g9xss-Anime-Purple-eyes.png, time: 1753029498.1958408'
WARNING: 2025-07-20 12:38:18,198: create_menu() 'Variety Slideshow is not installed. This is an optional extension adding pan-and-zoom slideshows to Variety: see https://github.com/peterlevi/variety-slideshow for details'
INFO: 2025-07-20 12:38:18,199: create_indicator() 'indicator backend: AyatanaAppIndicator3'
INFO: 2025-07-20 12:38:18,206: set_from_theme_icon() 'Showing indicator icon variety-indicator from GTK theme'
WARNING: 2025-07-20 12:38:18,209: image_ok() 'Error in image_ok for file /home/dwilliams/Pictures/Wallpapers/reflective-water-at-beach.avif'
WARNING: 2025-07-20 12:38:18,218: image_ok() 'Error in image_ok for file /home/dwilliams/Pictures/Wallpapers/Green-Valley-Lake.avif'
WARNING: 2025-07-20 12:38:18,220: image_ok() 'Error in image_ok for file /home/dwilliams/Pictures/Wallpapers/Pond-valley.avif'
INFO: 2025-07-20 12:38:18,234: compute_trimmed_offsets() 'Trimmed offsets debug info: w:1920, h:1080, ratio:1.777778, iw:1920, ih:1080, scw:1920, sch:1080, ho:0, vo:0'
INFO: 2025-07-20 12:38:18,236: prepare_thread() 'After search prepared buffer contains 94 images'
INFO: 2025-07-20 12:38:18,272: compute_trimmed_offsets() 'Trimmed offsets debug info: w:1920, h:1080, ratio:1.777778, iw:1920, ih:1080, scw:1920, sch:1080, ho:0, vo:0'
INFO: 2025-07-20 12:38:18,273: build_imagemagick_clock_cmd() 'Applying clock filter: -density 100 -font `fc-match -f '%{file[0]}' 'Serif:60'` -pointsize 60 -gravity SouthEast -fill '#00000044' -annotate 0x0+58+108 '12:38' -fill white -annotate 0x0+60+110 '12:38' -font `fc-match -f '%{file[0]}' 'Serif:20'` -pointsize 20 -fill '#00000044' -annotate 0x0+58+58 'Sunday, July 20' -fill white -annotate 0x0+60+60 'Sunday, July 20''
INFO: 2025-07-20 12:38:18,273: build_imagemagick_clock_cmd() 'ImageMagick clock cmd: convert /home/dwilliams/.config/variety/wallpaper/wallpaper-quote-020e34cd9a0fb0c7b2801838ed2b2439.jpg -scale 1920x1080^ -density 100 -font `fc-match -f '%{file[0]}' 'Serif:60'` -pointsize 60 -gravity SouthEast -fill '#00000044' -annotate 0x0+58+108 '12:38' -fill white -annotate 0x0+60+110 '12:38' -font `fc-match -f '%{file[0]}' 'Serif:20'` -pointsize 20 -fill '#00000044' -annotate 0x0+58+58 'Sunday, July 20' -fill white -annotate 0x0+60+60 'Sunday, July 20' /home/dwilliams/.config/variety/wallpaper/wallpaper-clock-736caa858f4861076b7d8212dcaeb6e0.jpg'
INFO: 2025-07-20 12:38:18,432: update_indicator() 'Setting file info to: /nix/store/6bs42dj18xx3fmyzzqdi4lf5qd0g9xss-Anime-Purple-eyes.png'
INFO: 2025-07-20 12:38:19,185: clock_thread_method() 'clock_thread updates wallpaper'
INFO: 2025-07-20 12:38:19,196: do_set_wp() 'Calling do_set_wp with /nix/store/6bs42dj18xx3fmyzzqdi4lf5qd0g9xss-Anime-Purple-eyes.png, time: 1753029499.1961863'
INFO: 2025-07-20 12:38:19,628: reload() 'Reloading preferences dialog'
INFO: 2025-07-20 12:38:19,662: compute_trimmed_offsets() 'Trimmed offsets debug info: w:1920, h:1080, ratio:1.777778, iw:1920, ih:1080, scw:1920, sch:1080, ho:0, vo:0'
INFO: 2025-07-20 12:38:19,672: compute_trimmed_offsets() 'Trimmed offsets debug info: w:1920, h:1080, ratio:1.777778, iw:1920, ih:1080, scw:1920, sch:1080, ho:0, vo:0'
INFO: 2025-07-20 12:38:19,672: build_imagemagick_clock_cmd() 'Applying clock filter: -density 100 -font `fc-match -f '%{file[0]}' 'Serif:60'` -pointsize 60 -gravity SouthEast -fill '#00000044' -annotate 0x0+58+108 '12:38' -fill white -annotate 0x0+60+110 '12:38' -font `fc-match -f '%{file[0]}' 'Serif:20'` -pointsize 20 -fill '#00000044' -annotate 0x0+58+58 'Sunday, July 20' -fill white -annotate 0x0+60+60 'Sunday, July 20''
INFO: 2025-07-20 12:38:19,672: build_imagemagick_clock_cmd() 'ImageMagick clock cmd: convert /home/dwilliams/.config/variety/wallpaper/wallpaper-quote-e3952ac25240ec52149fc53deecb5b69.jpg -scale 1920x1080^ -density 100 -font `fc-match -f '%{file[0]}' 'Serif:60'` -pointsize 60 -gravity SouthEast -fill '#00000044' -annotate 0x0+58+108 '12:38' -fill white -annotate 0x0+60+110 '12:38' -font `fc-match -f '%{file[0]}' 'Serif:20'` -pointsize 20 -fill '#00000044' -annotate 0x0+58+58 'Sunday, July 20' -fill white -annotate 0x0+60+60 'Sunday, July 20' /home/dwilliams/.config/variety/wallpaper/wallpaper-clock-d6c5c3614ace559d40c7111f639bb5ef.jpg'
INFO: 2025-07-20 12:38:19,782: update_indicator() 'Setting file info to: /nix/store/6bs42dj18xx3fmyzzqdi4lf5qd0g9xss-Anime-Purple-eyes.png'
INFO: 2025-07-20 12:38:20,206: prepare_thread() 'Quotes prepared buffer contains 0 quotes, fetching a quote'
WARNING: 2025-07-20 12:38:20,206: get_one_quote() 'No quotes for '' for plugin Local text files'
INFO: 2025-07-20 12:38:20,206: get_for_search_url() 'Fetching quotes from Goodreads for search url=http://www.quotationspage.com/random.php'
INFO: 2025-07-20 12:38:20,237: trigger_download() 'Triggering download thread to check if download needed and possible'
INFO: 2025-07-20 12:38:21,280: get_for_search_url() 'Used QuotationsPage url http://www.quotationspage.com/random.php'
INFO: 2025-07-20 12:38:23,286: prepare_thread() 'Quotes prepared buffer contains 1 quotes, fetching a quote'
INFO: 2025-07-20 12:38:25,306: prepare_thread() 'Quotes prepared buffer contains 2 quotes, fetching a quote'
INFO: 2025-07-20 12:38:27,307: prepare_thread() 'Quotes prepared buffer contains 3 quotes, fetching a quote'
INFO: 2025-07-20 12:38:29,324: prepare_thread() 'Quotes prepared buffer contains 4 quotes, fetching a quote'
INFO: 2025-07-20 12:38:31,325: prepare_thread() 'Quotes prepared buffer contains 5 quotes, fetching a quote'
INFO: 2025-07-20 12:38:33,345: prepare_thread() 'Quotes prepared buffer contains 6 quotes, fetching a quote'
INFO: 2025-07-20 12:38:35,346: prepare_thread() 'Quotes prepared buffer contains 7 quotes, fetching a quote'
INFO: 2025-07-20 12:38:37,362: prepare_thread() 'Quotes prepared buffer contains 8 quotes, fetching a quote'
WARNING: 2025-07-20 12:38:37,362: get_one_quote() 'No quotes for '' for plugin Local text files'
INFO: 2025-07-20 12:38:38,173: server_options_thread() 'Fetching server options from https://gist.githubusercontent.com/peterlevi/a7d1dbf3a4e76e15760a/raw/fab10d0ce5cfe66377e7c650be56edb497aabbd4/variety_server_options.json'
INFO: 2025-07-20 12:38:38,259: server_options_thread() 'Fetched server options: {'flickr': {'min_fill_queue_interval': 1200, 'min_download_interval': 1200}, 'wallbase': {'min_fill_queue_interval': 1800, 'min_download_interval': 1800}, 'wallhaven': {'min_fill_queue_interval': 1800, 'min_download_interval': 1800}, 'wallpapers.net': {'min_fill_queue_interval': 601, 'min_download_interval': 0}, 'unsplash': {'min_fill_queue_interval': 20000000000, 'min_download_interval': 20000000000}, 'unsplash_v2': {'min_fill_queue_interval': 3600, 'min_download_interval': 1800}, 'status_message': {'0.0.1': '', '*': ''}}'
INFO: 2025-07-20 12:38:39,379: prepare_thread() 'Quotes prepared buffer contains 9 quotes, fetching a quote'
WARNING: 2025-07-20 12:38:39,394: get_one_quote() 'No quotes for '' for plugin UNIX fortune program'
INFO: 2025-07-20 12:39:00,227: clock_thread_method() 'clock_thread updates wallpaper'
INFO: 2025-07-20 12:39:00,228: do_set_wp() 'Calling do_set_wp with /nix/store/6bs42dj18xx3fmyzzqdi4lf5qd0g9xss-Anime-Purple-eyes.png, time: 1753029540.2281406'
INFO: 2025-07-20 12:39:00,253: compute_trimmed_offsets() 'Trimmed offsets debug info: w:1920, h:1080, ratio:1.777778, iw:1920, ih:1080, scw:1920, sch:1080, ho:0, vo:0'
INFO: 2025-07-20 12:39:00,262: compute_trimmed_offsets() 'Trimmed offsets debug info: w:1920, h:1080, ratio:1.777778, iw:1920, ih:1080, scw:1920, sch:1080, ho:0, vo:0'
INFO: 2025-07-20 12:39:00,263: build_imagemagick_clock_cmd() 'Applying clock filter: -density 100 -font `fc-match -f '%{file[0]}' 'Serif:60'` -pointsize 60 -gravity SouthEast -fill '#00000044' -annotate 0x0+58+108 '12:39' -fill white -annotate 0x0+60+110 '12:39' -font `fc-match -f '%{file[0]}' 'Serif:20'` -pointsize 20 -fill '#00000044' -annotate 0x0+58+58 'Sunday, July 20' -fill white -annotate 0x0+60+60 'Sunday, July 20''
INFO: 2025-07-20 12:39:00,263: build_imagemagick_clock_cmd() 'ImageMagick clock cmd: convert /home/dwilliams/.config/variety/wallpaper/wallpaper-quote-c8a3f6e70aa5bcbee1651056cb87c27f.jpg -scale 1920x1080^ -density 100 -font `fc-match -f '%{file[0]}' 'Serif:60'` -pointsize 60 -gravity SouthEast -fill '#00000044' -annotate 0x0+58+108 '12:39' -fill white -annotate 0x0+60+110 '12:39' -font `fc-match -f '%{file[0]}' 'Serif:20'` -pointsize 20 -fill '#00000044' -annotate 0x0+58+58 'Sunday, July 20' -fill white -annotate 0x0+60+60 'Sunday, July 20' /home/dwilliams/.config/variety/wallpaper/wallpaper-clock-ca3797a76bfd1ef9cdfeae2d9eee202b.jpg'
INFO: 2025-07-20 12:39:00,371: update_indicator() 'Setting file info to: /nix/store/6bs42dj18xx3fmyzzqdi4lf5qd0g9xss-Anime-Purple-eyes.png'
INFO: 2025-07-20 12:40:00,252: clock_thread_method() 'clock_thread updates wallpaper'
INFO: 2025-07-20 12:40:00,253: do_set_wp() 'Calling do_set_wp with /nix/store/6bs42dj18xx3fmyzzqdi4lf5qd0g9xss-Anime-Purple-eyes.png, time: 1753029600.2535038'
INFO: 2025-07-20 12:40:00,281: compute_trimmed_offsets() 'Trimmed offsets debug info: w:1920, h:1080, ratio:1.777778, iw:1920, ih:1080, scw:1920, sch:1080, ho:0, vo:0'
INFO: 2025-07-20 12:40:00,290: compute_trimmed_offsets() 'Trimmed offsets debug info: w:1920, h:1080, ratio:1.777778, iw:1920, ih:1080, scw:1920, sch:1080, ho:0, vo:0'
INFO: 2025-07-20 12:40:00,290: build_imagemagick_clock_cmd() 'Applying clock filter: -density 100 -font `fc-match -f '%{file[0]}' 'Serif:60'` -pointsize 60 -gravity SouthEast -fill '#00000044' -annotate 0x0+58+108 '12:40' -fill white -annotate 0x0+60+110 '12:40' -font `fc-match -f '%{file[0]}' 'Serif:20'` -pointsize 20 -fill '#00000044' -annotate 0x0+58+58 'Sunday, July 20' -fill white -annotate 0x0+60+60 'Sunday, July 20''
INFO: 2025-07-20 12:40:00,290: build_imagemagick_clock_cmd() 'ImageMagick clock cmd: convert /home/dwilliams/.config/variety/wallpaper/wallpaper-quote-230396212b709f39c4fd046cd84e1acc.jpg -scale 1920x1080^ -density 100 -font `fc-match -f '%{file[0]}' 'Serif:60'` -pointsize 60 -gravity SouthEast -fill '#00000044' -annotate 0x0+58+108 '12:40' -fill white -annotate 0x0+60+110 '12:40' -font `fc-match -f '%{file[0]}' 'Serif:20'` -pointsize 20 -fill '#00000044' -annotate 0x0+58+58 'Sunday, July 20' -fill white -annotate 0x0+60+60 'Sunday, July 20' /home/dwilliams/.config/variety/wallpaper/wallpaper-clock-818021851d154c6ec6fec87932af8713.jpg'
INFO: 2025-07-20 12:40:00,395: update_indicator() 'Setting file info to: /nix/store/6bs42dj18xx3fmyzzqdi4lf5qd0g9xss-Anime-Purple-eyes.png'
INFO: 2025-07-20 12:41:00,283: clock_thread_method() 'clock_thread updates wallpaper'
INFO: 2025-07-20 12:41:00,283: do_set_wp() 'Calling do_set_wp with /nix/store/6bs42dj18xx3fmyzzqdi4lf5qd0g9xss-Anime-Purple-eyes.png, time: 1753029660.2839541'
INFO: 2025-07-20 12:41:00,311: compute_trimmed_offsets() 'Trimmed offsets debug info: w:1920, h:1080, ratio:1.777778, iw:1920, ih:1080, scw:1920, sch:1080, ho:0, vo:0'
INFO: 2025-07-20 12:41:00,320: compute_trimmed_offsets() 'Trimmed offsets debug info: w:1920, h:1080, ratio:1.777778, iw:1920, ih:1080, scw:1920, sch:1080, ho:0, vo:0'
INFO: 2025-07-20 12:41:00,320: build_imagemagick_clock_cmd() 'Applying clock filter: -density 100 -font `fc-match -f '%{file[0]}' 'Serif:60'` -pointsize 60 -gravity SouthEast -fill '#00000044' -annotate 0x0+58+108 '12:41' -fill white -annotate 0x0+60+110 '12:41' -font `fc-match -f '%{file[0]}' 'Serif:20'` -pointsize 20 -fill '#00000044' -annotate 0x0+58+58 'Sunday, July 20' -fill white -annotate 0x0+60+60 'Sunday, July 20''
INFO: 2025-07-20 12:41:00,320: build_imagemagick_clock_cmd() 'ImageMagick clock cmd: convert /home/dwilliams/.config/variety/wallpaper/wallpaper-quote-0018a0a3c211c8a96184d2f100df6863.jpg -scale 1920x1080^ -density 100 -font `fc-match -f '%{file[0]}' 'Serif:60'` -pointsize 60 -gravity SouthEast -fill '#00000044' -annotate 0x0+58+108 '12:41' -fill white -annotate 0x0+60+110 '12:41' -font `fc-match -f '%{file[0]}' 'Serif:20'` -pointsize 20 -fill '#00000044' -annotate 0x0+58+58 'Sunday, July 20' -fill white -annotate 0x0+60+60 'Sunday, July 20' /home/dwilliams/.config/variety/wallpaper/wallpaper-clock-325b680d51ac0dc9ae237be4e41de516.jpg'
INFO: 2025-07-20 12:41:00,427: update_indicator() 'Setting file info to: /nix/store/6bs42dj18xx3fmyzzqdi4lf5qd0g9xss-Anime-Purple-eyes.png'
INFO: 2025-07-20 12:42:00,300: clock_thread_method() 'clock_thread updates wallpaper'
INFO: 2025-07-20 12:42:00,300: do_set_wp() 'Calling do_set_wp with /nix/store/6bs42dj18xx3fmyzzqdi4lf5qd0g9xss-Anime-Purple-eyes.png, time: 1753029720.300754'
INFO: 2025-07-20 12:42:00,329: compute_trimmed_offsets() 'Trimmed offsets debug info: w:1920, h:1080, ratio:1.777778, iw:1920, ih:1080, scw:1920, sch:1080, ho:0, vo:0'
INFO: 2025-07-20 12:42:00,339: compute_trimmed_offsets() 'Trimmed offsets debug info: w:1920, h:1080, ratio:1.777778, iw:1920, ih:1080, scw:1920, sch:1080, ho:0, vo:0'
INFO: 2025-07-20 12:42:00,339: build_imagemagick_clock_cmd() 'Applying clock filter: -density 100 -font `fc-match -f '%{file[0]}' 'Serif:60'` -pointsize 60 -gravity SouthEast -fill '#00000044' -annotate 0x0+58+108 '12:42' -fill white -annotate 0x0+60+110 '12:42' -font `fc-match -f '%{file[0]}' 'Serif:20'` -pointsize 20 -fill '#00000044' -annotate 0x0+58+58 'Sunday, July 20' -fill white -annotate 0x0+60+60 'Sunday, July 20''
INFO: 2025-07-20 12:42:00,339: build_imagemagick_clock_cmd() 'ImageMagick clock cmd: convert /home/dwilliams/.config/variety/wallpaper/wallpaper-quote-16c687419c7e4a93879391348b4d94ba.jpg -scale 1920x1080^ -density 100 -font `fc-match -f '%{file[0]}' 'Serif:60'` -pointsize 60 -gravity SouthEast -fill '#00000044' -annotate 0x0+58+108 '12:42' -fill white -annotate 0x0+60+110 '12:42' -font `fc-match -f '%{file[0]}' 'Serif:20'` -pointsize 20 -fill '#00000044' -annotate 0x0+58+58 'Sunday, July 20' -fill white -annotate 0x0+60+60 'Sunday, July 20' /home/dwilliams/.config/variety/wallpaper/wallpaper-clock-2bf03a34f218c3fe312ed391a7e546b2.jpg'
INFO: 2025-07-20 12:42:00,447: update_indicator() 'Setting file info to: /nix/store/6bs42dj18xx3fmyzzqdi4lf5qd0g9xss-Anime-Purple-eyes.png'
INFO: 2025-07-20 12:43:00,325: clock_thread_method() 'clock_thread updates wallpaper'
INFO: 2025-07-20 12:43:00,326: do_set_wp() 'Calling do_set_wp with /nix/store/6bs42dj18xx3fmyzzqdi4lf5qd0g9xss-Anime-Purple-eyes.png, time: 1753029780.3266604'
INFO: 2025-07-20 12:43:00,354: compute_trimmed_offsets() 'Trimmed offsets debug info: w:1920, h:1080, ratio:1.777778, iw:1920, ih:1080, scw:1920, sch:1080, ho:0, vo:0'
INFO: 2025-07-20 12:43:00,363: compute_trimmed_offsets() 'Trimmed offsets debug info: w:1920, h:1080, ratio:1.777778, iw:1920, ih:1080, scw:1920, sch:1080, ho:0, vo:0'
INFO: 2025-07-20 12:43:00,364: build_imagemagick_clock_cmd() 'Applying clock filter: -density 100 -font `fc-match -f '%{file[0]}' 'Serif:60'` -pointsize 60 -gravity SouthEast -fill '#00000044' -annotate 0x0+58+108 '12:43' -fill white -annotate 0x0+60+110 '12:43' -font `fc-match -f '%{file[0]}' 'Serif:20'` -pointsize 20 -fill '#00000044' -annotate 0x0+58+58 'Sunday, July 20' -fill white -annotate 0x0+60+60 'Sunday, July 20''
INFO: 2025-07-20 12:43:00,364: build_imagemagick_clock_cmd() 'ImageMagick clock cmd: convert /home/dwilliams/.config/variety/wallpaper/wallpaper-quote-fb16bef7f7650b9c75bfcabb1638c455.jpg -scale 1920x1080^ -density 100 -font `fc-match -f '%{file[0]}' 'Serif:60'` -pointsize 60 -gravity SouthEast -fill '#00000044' -annotate 0x0+58+108 '12:43' -fill white -annotate 0x0+60+110 '12:43' -font `fc-match -f '%{file[0]}' 'Serif:20'` -pointsize 20 -fill '#00000044' -annotate 0x0+58+58 'Sunday, July 20' -fill white -annotate 0x0+60+60 'Sunday, July 20' /home/dwilliams/.config/variety/wallpaper/wallpaper-clock-f93473adf4209b10fca429ecdd8b4550.jpg'
INFO: 2025-07-20 12:43:00,482: update_indicator() 'Setting file info to: /nix/store/6bs42dj18xx3fmyzzqdi4lf5qd0g9xss-Anime-Purple-eyes.png'
INFO: 2025-07-20 12:44:00,353: clock_thread_method() 'clock_thread updates wallpaper'
INFO: 2025-07-20 12:44:00,354: do_set_wp() 'Calling do_set_wp with /nix/store/6bs42dj18xx3fmyzzqdi4lf5qd0g9xss-Anime-Purple-eyes.png, time: 1753029840.354283'
INFO: 2025-07-20 12:44:00,380: compute_trimmed_offsets() 'Trimmed offsets debug info: w:1920, h:1080, ratio:1.777778, iw:1920, ih:1080, scw:1920, sch:1080, ho:0, vo:0'
INFO: 2025-07-20 12:44:00,390: compute_trimmed_offsets() 'Trimmed offsets debug info: w:1920, h:1080, ratio:1.777778, iw:1920, ih:1080, scw:1920, sch:1080, ho:0, vo:0'
INFO: 2025-07-20 12:44:00,390: build_imagemagick_clock_cmd() 'Applying clock filter: -density 100 -font `fc-match -f '%{file[0]}' 'Serif:60'` -pointsize 60 -gravity SouthEast -fill '#00000044' -annotate 0x0+58+108 '12:44' -fill white -annotate 0x0+60+110 '12:44' -font `fc-match -f '%{file[0]}' 'Serif:20'` -pointsize 20 -fill '#00000044' -annotate 0x0+58+58 'Sunday, July 20' -fill white -annotate 0x0+60+60 'Sunday, July 20''
INFO: 2025-07-20 12:44:00,390: build_imagemagick_clock_cmd() 'ImageMagick clock cmd: convert /home/dwilliams/.config/variety/wallpaper/wallpaper-quote-0fc2b2b4691bf371c88164195df7480a.jpg -scale 1920x1080^ -density 100 -font `fc-match -f '%{file[0]}' 'Serif:60'` -pointsize 60 -gravity SouthEast -fill '#00000044' -annotate 0x0+58+108 '12:44' -fill white -annotate 0x0+60+110 '12:44' -font `fc-match -f '%{file[0]}' 'Serif:20'` -pointsize 20 -fill '#00000044' -annotate 0x0+58+58 'Sunday, July 20' -fill white -annotate 0x0+60+60 'Sunday, July 20' /home/dwilliams/.config/variety/wallpaper/wallpaper-clock-3e37c5ee28e9d2ad03e2b1d4a6262f35.jpg'
INFO: 2025-07-20 12:44:00,495: update_indicator() 'Setting file info to: /nix/store/6bs42dj18xx3fmyzzqdi4lf5qd0g9xss-Anime-Purple-eyes.png'
